c:\users\peh96\desktop\direct3d_project ver 20.5\engine\default\x64\debug\vc140.pdb
c:\users\peh96\desktop\direct3d_project ver 20.5\engine\default\x64\debug\vc140.idb
c:\users\peh96\desktop\direct3d_project ver 20.5\engine\default\x64\debug\pipeline.obj
c:\users\peh96\desktop\direct3d_project ver 20.5\engine\default\x64\debug\renderer.obj
c:\users\peh96\desktop\direct3d_project ver 20.5\engine\default\x64\debug\rendertarget.obj
c:\users\peh96\desktop\direct3d_project ver 20.5\engine\default\x64\debug\shader.obj
c:\users\peh96\desktop\direct3d_project ver 20.5\engine\default\x64\debug\sound_manager.obj
c:\users\peh96\desktop\direct3d_project ver 20.5\engine\default\x64\debug\target_manager.obj
c:\users\peh96\desktop\direct3d_project ver 20.5\engine\default\x64\debug\texture.obj
c:\users\peh96\desktop\direct3d_project ver 20.5\engine\default\x64\debug\timer.obj
c:\users\peh96\desktop\direct3d_project ver 20.5\engine\default\x64\debug\timer_manager.obj
c:\users\peh96\desktop\direct3d_project ver 20.5\engine\default\x64\debug\transform.obj
c:\users\peh96\desktop\direct3d_project ver 20.5\engine\default\x64\debug\ui.obj
c:\users\peh96\desktop\direct3d_project ver 20.5\engine\default\x64\debug\vibuffer.obj
c:\users\peh96\desktop\direct3d_project ver 20.5\engine\default\x64\debug\vibuffer_cube.obj
c:\users\peh96\desktop\direct3d_project ver 20.5\engine\default\x64\debug\vibuffer_point_instance.obj
c:\users\peh96\desktop\direct3d_project ver 20.5\engine\default\x64\debug\vibuffer_rect.obj
c:\users\peh96\desktop\direct3d_project ver 20.5\engine\default\x64\debug\vibuffer_recttrail.obj
c:\users\peh96\desktop\direct3d_project ver 20.5\engine\default\x64\debug\vibuffer_rect_instance.obj
c:\users\peh96\desktop\direct3d_project ver 20.5\engine\default\x64\debug\vibuffer_terrain.obj
c:\users\peh96\desktop\direct3d_project ver 20.5\engine\default\x64\debug\vibuffer_terrain_dynamic.obj
c:\users\peh96\desktop\direct3d_project ver 20.5\engine\default\x64\debug\vibuffer_triangle.obj
c:\users\peh96\desktop\direct3d_project ver 20.5\engine\default\x64\debug\easingmgr.obj
c:\users\peh96\desktop\direct3d_project ver 20.5\engine\default\x64\debug\engine_struct.obj
c:\users\peh96\desktop\direct3d_project ver 20.5\engine\default\x64\debug\frustum_manager.obj
c:\users\peh96\desktop\direct3d_project ver 20.5\engine\default\x64\debug\gameinstance.obj
c:\users\peh96\desktop\direct3d_project ver 20.5\engine\default\x64\debug\gameobject.obj
c:\users\peh96\desktop\direct3d_project ver 20.5\engine\default\x64\debug\graphic_device.obj
c:\users\peh96\desktop\direct3d_project ver 20.5\engine\default\x64\debug\hierarchynode.obj
c:\users\peh96\desktop\direct3d_project ver 20.5\engine\default\x64\debug\input_device.obj
c:\users\peh96\desktop\direct3d_project ver 20.5\engine\default\x64\debug\landobject.obj
c:\users\peh96\desktop\direct3d_project ver 20.5\engine\default\x64\debug\layer.obj
c:\users\peh96\desktop\direct3d_project ver 20.5\engine\default\x64\debug\level.obj
c:\users\peh96\desktop\direct3d_project ver 20.5\engine\default\x64\debug\level_manager.obj
c:\users\peh96\desktop\direct3d_project ver 20.5\engine\default\x64\debug\light.obj
c:\users\peh96\desktop\direct3d_project ver 20.5\engine\default\x64\debug\light_manager.obj
c:\users\peh96\desktop\direct3d_project ver 20.5\engine\default\x64\debug\meshcontainer.obj
c:\users\peh96\desktop\direct3d_project ver 20.5\engine\default\x64\debug\model.obj
c:\users\peh96\desktop\direct3d_project ver 20.5\engine\default\x64\debug\navigation.obj
c:\users\peh96\desktop\direct3d_project ver 20.5\engine\default\x64\debug\object_manager.obj
c:\users\peh96\desktop\direct3d_project ver 20.5\engine\default\x64\debug\obsever_manager.obj
c:\users\peh96\desktop\direct3d_project ver 20.5\engine\default\x64\debug\picking.obj
c:\users\peh96\desktop\direct3d_project ver 20.5\engine\default\x64\debug\animation.obj
c:\users\peh96\desktop\direct3d_project ver 20.5\engine\default\x64\debug\animblending.obj
c:\users\peh96\desktop\direct3d_project ver 20.5\engine\default\x64\debug\base.obj
c:\users\peh96\desktop\direct3d_project ver 20.5\engine\default\x64\debug\camera.obj
c:\users\peh96\desktop\direct3d_project ver 20.5\engine\default\x64\debug\cell.obj
c:\users\peh96\desktop\direct3d_project ver 20.5\engine\default\x64\debug\channel.obj
c:\users\peh96\desktop\direct3d_project ver 20.5\engine\default\x64\debug\collider.obj
c:\users\peh96\desktop\direct3d_project ver 20.5\engine\default\x64\debug\component.obj
c:\users\peh96\desktop\direct3d_project ver 20.5\engine\default\x64\debug\component_manager.obj
c:\users\peh96\desktop\direct3d_project ver 20.5\engine\default\x64\debug\debugdraw.obj
c:\users\peh96\desktop\direct3d_project ver 20.5\engine\bin\shader_deferred.cso
c:\users\peh96\desktop\direct3d_project ver 20.5\engine\bin\shader_navigation.cso
c:\users\peh96\desktop\direct3d_project ver 20.5\engine\bin\engine.lib
c:\users\peh96\desktop\direct3d_project ver 20.5\engine\bin\engine.exp
c:\users\peh96\desktop\direct3d_project ver 20.5\engine\bin\engine.ilk
c:\users\peh96\desktop\direct3d_project ver 20.5\engine\bin\engine.dll
c:\users\peh96\desktop\direct3d_project ver 20.5\engine\bin\engine.pdb
c:\users\peh96\desktop\direct3d_project ver 20.5\engine\default\..\bin\engine.dll
c:\users\peh96\desktop\direct3d_project ver 20.5\engine\default\x64\debug\engine.tlog\cl.command.1.tlog
c:\users\peh96\desktop\direct3d_project ver 20.5\engine\default\x64\debug\engine.tlog\cl.read.1.tlog
c:\users\peh96\desktop\direct3d_project ver 20.5\engine\default\x64\debug\engine.tlog\cl.write.1.tlog
c:\users\peh96\desktop\direct3d_project ver 20.5\engine\default\x64\debug\engine.tlog\engine.write.1u.tlog
c:\users\peh96\desktop\direct3d_project ver 20.5\engine\default\x64\debug\engine.tlog\fxc.command.1.tlog
c:\users\peh96\desktop\direct3d_project ver 20.5\engine\default\x64\debug\engine.tlog\fxc.read.1.tlog
c:\users\peh96\desktop\direct3d_project ver 20.5\engine\default\x64\debug\engine.tlog\fxc.write.1.tlog
c:\users\peh96\desktop\direct3d_project ver 20.5\engine\default\x64\debug\engine.tlog\link.command.1.tlog
c:\users\peh96\desktop\direct3d_project ver 20.5\engine\default\x64\debug\engine.tlog\link.read.1.tlog
c:\users\peh96\desktop\direct3d_project ver 20.5\engine\default\x64\debug\engine.tlog\link.write.1.tlog
