c:\users\peh96\desktop\direct3d_project ver 21.9fmod\engine\default\x64\release\vc140.pdb
c:\users\peh96\desktop\direct3d_project ver 21.9fmod\engine\default\x64\release\layer.obj
c:\users\peh96\desktop\direct3d_project ver 21.9fmod\engine\default\x64\release\landobject.obj
c:\users\peh96\desktop\direct3d_project ver 21.9fmod\engine\default\x64\release\input_device.obj
c:\users\peh96\desktop\direct3d_project ver 21.9fmod\engine\default\x64\release\hierarchynode.obj
c:\users\peh96\desktop\direct3d_project ver 21.9fmod\engine\default\x64\release\graphic_device.obj
c:\users\peh96\desktop\direct3d_project ver 21.9fmod\engine\default\x64\release\gameobject.obj
c:\users\peh96\desktop\direct3d_project ver 21.9fmod\engine\default\x64\release\gameinstance.obj
c:\users\peh96\desktop\direct3d_project ver 21.9fmod\engine\default\x64\release\frustum_manager.obj
c:\users\peh96\desktop\direct3d_project ver 21.9fmod\engine\default\x64\release\engine_struct.obj
c:\users\peh96\desktop\direct3d_project ver 21.9fmod\engine\default\x64\release\easingmgr.obj
c:\users\peh96\desktop\direct3d_project ver 21.9fmod\engine\default\x64\release\debugdraw.obj
c:\users\peh96\desktop\direct3d_project ver 21.9fmod\engine\default\x64\release\component_manager.obj
c:\users\peh96\desktop\direct3d_project ver 21.9fmod\engine\default\x64\release\component.obj
c:\users\peh96\desktop\direct3d_project ver 21.9fmod\engine\default\x64\release\collider.obj
c:\users\peh96\desktop\direct3d_project ver 21.9fmod\engine\default\x64\release\channel.obj
c:\users\peh96\desktop\direct3d_project ver 21.9fmod\engine\default\x64\release\cell.obj
c:\users\peh96\desktop\direct3d_project ver 21.9fmod\engine\default\x64\release\camera.obj
c:\users\peh96\desktop\direct3d_project ver 21.9fmod\engine\default\x64\release\base.obj
c:\users\peh96\desktop\direct3d_project ver 21.9fmod\engine\default\x64\release\animblending.obj
c:\users\peh96\desktop\direct3d_project ver 21.9fmod\engine\default\x64\release\animation.obj
c:\users\peh96\desktop\direct3d_project ver 21.9fmod\engine\default\x64\release\transform.obj
c:\users\peh96\desktop\direct3d_project ver 21.9fmod\engine\default\x64\release\timer_manager.obj
c:\users\peh96\desktop\direct3d_project ver 21.9fmod\engine\default\x64\release\timer.obj
c:\users\peh96\desktop\direct3d_project ver 21.9fmod\engine\default\x64\release\texture.obj
c:\users\peh96\desktop\direct3d_project ver 21.9fmod\engine\default\x64\release\target_manager.obj
c:\users\peh96\desktop\direct3d_project ver 21.9fmod\engine\default\x64\release\sound_manager.obj
c:\users\peh96\desktop\direct3d_project ver 21.9fmod\engine\default\x64\release\shader.obj
c:\users\peh96\desktop\direct3d_project ver 21.9fmod\engine\default\x64\release\rendertarget.obj
c:\users\peh96\desktop\direct3d_project ver 21.9fmod\engine\default\x64\release\renderer.obj
c:\users\peh96\desktop\direct3d_project ver 21.9fmod\engine\default\x64\release\pipeline.obj
c:\users\peh96\desktop\direct3d_project ver 21.9fmod\engine\default\x64\release\picking.obj
c:\users\peh96\desktop\direct3d_project ver 21.9fmod\engine\default\x64\release\obsever_manager.obj
c:\users\peh96\desktop\direct3d_project ver 21.9fmod\engine\default\x64\release\object_manager.obj
c:\users\peh96\desktop\direct3d_project ver 21.9fmod\engine\default\x64\release\navigation.obj
c:\users\peh96\desktop\direct3d_project ver 21.9fmod\engine\default\x64\release\model.obj
c:\users\peh96\desktop\direct3d_project ver 21.9fmod\engine\default\x64\release\meshcontainer.obj
c:\users\peh96\desktop\direct3d_project ver 21.9fmod\engine\default\x64\release\light_manager.obj
c:\users\peh96\desktop\direct3d_project ver 21.9fmod\engine\default\x64\release\light.obj
c:\users\peh96\desktop\direct3d_project ver 21.9fmod\engine\default\x64\release\level_manager.obj
c:\users\peh96\desktop\direct3d_project ver 21.9fmod\engine\default\x64\release\level.obj
c:\users\peh96\desktop\direct3d_project ver 21.9fmod\engine\default\x64\release\vibuffer_triangle.obj
c:\users\peh96\desktop\direct3d_project ver 21.9fmod\engine\default\x64\release\vibuffer_terrain_dynamic.obj
c:\users\peh96\desktop\direct3d_project ver 21.9fmod\engine\default\x64\release\vibuffer_terrain.obj
c:\users\peh96\desktop\direct3d_project ver 21.9fmod\engine\default\x64\release\vibuffer_rect_instance.obj
c:\users\peh96\desktop\direct3d_project ver 21.9fmod\engine\default\x64\release\vibuffer_recttrail.obj
c:\users\peh96\desktop\direct3d_project ver 21.9fmod\engine\default\x64\release\vibuffer_rect.obj
c:\users\peh96\desktop\direct3d_project ver 21.9fmod\engine\default\x64\release\vibuffer_point_instance.obj
c:\users\peh96\desktop\direct3d_project ver 21.9fmod\engine\default\x64\release\vibuffer_cube.obj
c:\users\peh96\desktop\direct3d_project ver 21.9fmod\engine\default\x64\release\vibuffer.obj
c:\users\peh96\desktop\direct3d_project ver 21.9fmod\engine\default\x64\release\ui.obj
c:\users\peh96\desktop\direct3d_project ver 21.9fmod\engine\bin\shader_deferred.cso
c:\users\peh96\desktop\direct3d_project ver 21.9fmod\engine\bin\shader_navigation.cso
c:\users\peh96\desktop\direct3d_project ver 21.9fmod\engine\bin\engine.lib
c:\users\peh96\desktop\direct3d_project ver 21.9fmod\engine\bin\engine.exp
c:\users\peh96\desktop\direct3d_project ver 21.9fmod\engine\bin\engine.dll
c:\users\peh96\desktop\direct3d_project ver 21.9fmod\engine\bin\engine.ipdb
c:\users\peh96\desktop\direct3d_project ver 21.9fmod\engine\bin\engine.iobj
c:\users\peh96\desktop\direct3d_project ver 21.9fmod\engine\bin\engine.pdb
c:\users\peh96\desktop\direct3d_project ver 21.9fmod\engine\default\..\bin\engine.dll
c:\users\peh96\desktop\direct3d_project ver 21.9fmod\engine\default\x64\release\engine.tlog\cl.command.1.tlog
c:\users\peh96\desktop\direct3d_project ver 21.9fmod\engine\default\x64\release\engine.tlog\cl.read.1.tlog
c:\users\peh96\desktop\direct3d_project ver 21.9fmod\engine\default\x64\release\engine.tlog\cl.write.1.tlog
c:\users\peh96\desktop\direct3d_project ver 21.9fmod\engine\default\x64\release\engine.tlog\engine.write.1u.tlog
c:\users\peh96\desktop\direct3d_project ver 21.9fmod\engine\default\x64\release\engine.tlog\fxc.command.1.tlog
c:\users\peh96\desktop\direct3d_project ver 21.9fmod\engine\default\x64\release\engine.tlog\fxc.read.1.tlog
c:\users\peh96\desktop\direct3d_project ver 21.9fmod\engine\default\x64\release\engine.tlog\fxc.write.1.tlog
c:\users\peh96\desktop\direct3d_project ver 21.9fmod\engine\default\x64\release\engine.tlog\link.command.1.tlog
c:\users\peh96\desktop\direct3d_project ver 21.9fmod\engine\default\x64\release\engine.tlog\link.read.1.tlog
c:\users\peh96\desktop\direct3d_project ver 21.9fmod\engine\default\x64\release\engine.tlog\link.write.1.tlog
